<?xml version="1.0" encoding="UTF-8"?>
<!-- Generated by org.testng.reporters.JUnitXMLReporter -->
<testsuite ignored="0" hostname="LAPTOP-IO7O6G3K" failures="1" tests="6" name="ChromeTest" time="170.291" errors="0" timestamp="2024-01-09T21:42:17 IST">
  <testcase classname="test.AddToCartTest" name="verifyIfUserIsAbleToAddMultipleProductToCart" time="7.493">
    <failure type="org.openqa.selenium.TimeoutException" message="Expected condition failed: waiting for visibility of [[ChromeDriver: chrome on windows (e14dd833933746f5f4e4dd64f13eff0d)] -&amp;gt; xpath: (//a[@onclick=&amp;apos;cart.submitOrder()&amp;apos;])[1]] (tried for 5 second(s) with 500 milliseconds interval)
Build info: version: &amp;apos;4.16.0&amp;apos;, revision: &amp;apos;15400459dd*&amp;apos;
System info: os.name: &amp;apos;Windows 11&amp;apos;, os.arch: &amp;apos;amd64&amp;apos;, os.version: &amp;apos;10.0&amp;apos;, java.version: &amp;apos;17.0.2&amp;apos;
Driver info: org.openqa.selenium.chrome.ChromeDriver
Capabilities {acceptInsecureCerts: false, browserName: chrome, browserVersion: 120.0.6099.200, chrome: {chromedriverVersion: 120.0.6099.109 (3419140ab66..., userDataDir: C:\Users\91877\AppData\Loca...}, fedcm:accounts: true, goog:chromeOptions: {debuggerAddress: localhost:55074}, networkConnectionEnabled: false, pageLoadStrategy: normal, platformName: windows, proxy: Proxy(), se:cdp: ws://localhost:55074/devtoo..., se:cdpVersion: 120.0.6099.200, setWindowRect: true, strictFileInteractability: false, timeouts: {implicit: 0, pageLoad: 300000, script: 30000}, unhandledPromptBehavior: dismiss and notify, webauthn:extension:credBlob: true, webauthn:extension:largeBlob: true, webauthn:extension:minPinLength: true, webauthn:extension:prf: true, webauthn:virtualAuthenticators: true}
Session ID: e14dd833933746f5f4e4dd64f13eff0d">
      <![CDATA[org.openqa.selenium.TimeoutException: Expected condition failed: waiting for visibility of [[ChromeDriver: chrome on windows (e14dd833933746f5f4e4dd64f13eff0d)] -> xpath: (//a[@onclick='cart.submitOrder()'])[1]] (tried for 5 second(s) with 500 milliseconds interval)
Build info: version: '4.16.0', revision: '15400459dd*'
System info: os.name: 'Windows 11', os.arch: 'amd64', os.version: '10.0', java.version: '17.0.2'
Driver info: org.openqa.selenium.chrome.ChromeDriver
Capabilities {acceptInsecureCerts: false, browserName: chrome, browserVersion: 120.0.6099.200, chrome: {chromedriverVersion: 120.0.6099.109 (3419140ab66..., userDataDir: C:\Users\91877\AppData\Loca...}, fedcm:accounts: true, goog:chromeOptions: {debuggerAddress: localhost:55074}, networkConnectionEnabled: false, pageLoadStrategy: normal, platformName: windows, proxy: Proxy(), se:cdp: ws://localhost:55074/devtoo..., se:cdpVersion: 120.0.6099.200, setWindowRect: true, strictFileInteractability: false, timeouts: {implicit: 0, pageLoad: 300000, script: 30000}, unhandledPromptBehavior: dismiss and notify, webauthn:extension:credBlob: true, webauthn:extension:largeBlob: true, webauthn:extension:minPinLength: true, webauthn:extension:prf: true, webauthn:virtualAuthenticators: true}
Session ID: e14dd833933746f5f4e4dd64f13eff0d
at org.openqa.selenium.support.ui.WebDriverWait.timeoutException(WebDriverWait.java:84)
at org.openqa.selenium.support.ui.FluentWait.until(FluentWait.java:229)
at pom.CartPage.getNumberOfProdutsPresentInCart(CartPage.java:25)
at test.AddToCartTest.verifyIfUserIsAbleToAddMultipleProductToCart(AddToCartTest.java:69)
at java.base/java.util.ArrayList.forEach(ArrayList.java:1511)
... Removed 27 stack frames]]>
    </failure>
  </testcase> <!-- verifyIfUserIsAbleToAddMultipleProductToCart -->
  <testcase classname="test.AddToCartTest" name="verifyIfUserIsAbleToAddProductToCartFromProductDescriptionPage" time="2.082"/>
  <testcase classname="test.AddToCartTest" name="verifyIfUserIsAbleToAddProductToCartUsingQuickViewOption" time="2.034"/>
  <testcase classname="test.ProductSearchTest" name="verifyIfProdutsAreDisplayedOnValidSearch" time="0.854"/>
  <testcase classname="test.ProductSearchTest" name="verifyIfProdutsAreNotDisplayedOnInvalidSearch" time="137.033"/>
  <testcase classname="test.VerifyShoppingCategoriesTest" name="verifyIfUserIsAbleToAccessShoppingCategories" time="1.059"/>
</testsuite> <!-- ChromeTest -->
